<?xml version="1.0" encoding="UTF-8"?>
<!-- Generated by org.testng.reporters.JUnitXMLReporter -->
<testsuite ignored="0" hostname="ShudosPc" failures="0" tests="3" name="Command line test" time="13.95" errors="0" timestamp="2023-06-03T17:15:17 IST">
  <testcase classname="com.api.tests.StudentApiTest" name="createAndValidateAndDeleteStudent" time="1.029"/>
  <testcase classname="com.api.tests.StudentApiTest" name="getStudent" time="0.031"/>
  <testcase classname="io.cucumber.testng.AbstractTestNGCucumberTests" name="runScenario" time="10.805"/>
</testsuite> <!-- Command line test -->
