<?xml version="1.0" encoding="UTF-8"?>
<testng-results ignored="0" total="3" passed="3" failed="0" skipped="0">
  <reporter-output>
  </reporter-output>
  <suite started-at="2023-06-03T17:15:03 IST" name="Command line suite" finished-at="2023-06-03T17:15:17 IST" duration-ms="13950">
    <groups>
      <group name="cucumber">
        <method signature="AbstractTestNGCucumberTests.runScenario(io.cucumber.testng.PickleWrapper,io.cucumber.testng.FeatureWrapper)[pri:0, instance:com.runner.CucumberRunnerTest@4d23015c]" name="runScenario" class="io.cucumber.testng.AbstractTestNGCucumberTests"/>
      </group> <!-- cucumber -->
    </groups>
    <test started-at="2023-06-03T17:15:03 IST" name="Command line test" finished-at="2023-06-03T17:15:17 IST" duration-ms="13950">
      <class name="com.api.tests.StudentApiTest">
        <test-method signature="createAndValidateAndDeleteStudent()[pri:0, instance:com.api.tests.StudentApiTest@5cf87cfd]" started-at="2023-06-03T17:15:03 IST" name="createAndValidateAndDeleteStudent" finished-at="2023-06-03T17:15:04 IST" duration-ms="1029" status="PASS">
          <reporter-output>
          </reporter-output>
        </test-method> <!-- createAndValidateAndDeleteStudent -->
        <test-method signature="getStudent()[pri:0, instance:com.api.tests.StudentApiTest@5cf87cfd]" started-at="2023-06-03T17:15:04 IST" name="getStudent" finished-at="2023-06-03T17:15:04 IST" duration-ms="31" status="PASS">
          <reporter-output>
          </reporter-output>
        </test-method> <!-- getStudent -->
      </class> <!-- com.api.tests.StudentApiTest -->
      <class name="com.runner.CucumberRunnerTest">
        <test-method is-config="true" signature="setUpClass(org.testng.ITestContext)[pri:0, instance:com.runner.CucumberRunnerTest@4d23015c]" started-at="2023-06-03T17:15:04 IST" name="setUpClass" finished-at="2023-06-03T17:15:05 IST" duration-ms="380" status="PASS">
          <params>
            <param index="0">
              <value>
                <![CDATA[org.testng.TestRunner@52bb3dcd]]>
              </value>
            </param>
          </params>
          <reporter-output>
          </reporter-output>
        </test-method> <!-- setUpClass -->
        <test-method signature="runScenario(io.cucumber.testng.PickleWrapper,io.cucumber.testng.FeatureWrapper)[pri:0, instance:com.runner.CucumberRunnerTest@4d23015c]" started-at="2023-06-03T17:15:05 IST" name="runScenario" description="Runs Cucumber Scenarios" data-provider="scenarios" finished-at="2023-06-03T17:15:16 IST" duration-ms="10805" status="PASS">
          <params>
            <param index="0">
              <value>
                <![CDATA["Verify corporate sign up"]]>
              </value>
            </param>
            <param index="1">
              <value>
                <![CDATA["Sample test data scenario"]]>
              </value>
            </param>
          </params>
          <reporter-output>
          </reporter-output>
        </test-method> <!-- runScenario -->
        <test-method is-config="true" signature="tearDownClass()[pri:0, instance:com.runner.CucumberRunnerTest@4d23015c]" started-at="2023-06-03T17:15:16 IST" name="tearDownClass" finished-at="2023-06-03T17:15:17 IST" duration-ms="1664" status="PASS">
          <reporter-output>
          </reporter-output>
        </test-method> <!-- tearDownClass -->
      </class> <!-- com.runner.CucumberRunnerTest -->
    </test> <!-- Command line test -->
  </suite> <!-- Command line suite -->
</testng-results>
